****************************************
Report : constraint
	-all_violators
	-path slack_only
Design : johnson
Version: S-2021.06-SP5
Date   : Tue Feb 25 10:30:05 2025
****************************************



   min_delay/hold ('clk' group)

   Endpoint                                                  Slack
   -----------------------------------------------------------------
   out_reg[3]/D                                            -0.0204  (VIOLATED)
   out_reg[4]/D                                            -0.0199  (VIOLATED)
   out_reg[1]/D                                            -0.0198  (VIOLATED)
   out_reg[6]/D                                            -0.0195  (VIOLATED)
   out_reg[2]/D                                            -0.0186  (VIOLATED)
   out_reg[5]/D                                            -0.0100  (VIOLATED)
   out_reg[7]/D                                            -0.0098  (VIOLATED)
   out_reg[0]/D                                            -0.0072  (VIOLATED)


   min_capacitance

                             Required        Actual
   Pin                      Capacitance    Capacitance       Slack
   -----------------------------------------------------------------
   U1/X                       0.1500         0.1308        -0.0192  (VIOLATED)


1
